Replace Part C1 100 nF in C:\Users\thekenu\Documents\UBC(GitHub)\UBC Rocket\2017-Payload-Ozone-PCB\Altium\2017_Ozone.SchDoc with 100 nF from 2017_Ozone.SchLib
Replace Part C2 100 nF in C:\Users\thekenu\Documents\UBC(GitHub)\UBC Rocket\2017-Payload-Ozone-PCB\Altium\2017_Ozone.SchDoc with 100 nF from 2017_Ozone.SchLib
Replace Part C3 Cap in C:\Users\thekenu\Documents\UBC(GitHub)\UBC Rocket\2017-Payload-Ozone-PCB\Altium\2017_Ozone.SchDoc with Cap from Miscellaneous Devices.IntLib
Replace Part C4 Cap in C:\Users\thekenu\Documents\UBC(GitHub)\UBC Rocket\2017-Payload-Ozone-PCB\Altium\2017_Ozone.SchDoc with Cap from Miscellaneous Devices.IntLib
Replace Part C5 Cap in C:\Users\thekenu\Documents\UBC(GitHub)\UBC Rocket\2017-Payload-Ozone-PCB\Altium\2017_Ozone.SchDoc with Cap from Miscellaneous Devices.IntLib
Replace Part C6 Cap in C:\Users\thekenu\Documents\UBC(GitHub)\UBC Rocket\2017-Payload-Ozone-PCB\Altium\2017_Ozone.SchDoc with Cap from Miscellaneous Devices.IntLib
Replace Part C? 100 nF in C:\Users\thekenu\Documents\UBC(GitHub)\UBC Rocket\2017-Payload-Ozone-PCB\Altium\2017_Ozone.SchDoc with 100 nF from 2017_Ozone.SchLib
Replace Part P2 Header 6 in C:\Users\thekenu\Documents\UBC(GitHub)\UBC Rocket\2017-Payload-Ozone-PCB\Altium\2017_Ozone.SchDoc with Header 6 from Miscellaneous Connectors.IntLib
Replace Part P3 Header 3 in C:\Users\thekenu\Documents\UBC(GitHub)\UBC Rocket\2017-Payload-Ozone-PCB\Altium\2017_Ozone.SchDoc with Header 3 from Miscellaneous Connectors.IntLib
Replace Part P4 Header 6 in C:\Users\thekenu\Documents\UBC(GitHub)\UBC Rocket\2017-Payload-Ozone-PCB\Altium\2017_Ozone.SchDoc with Header 6 from Miscellaneous Connectors.IntLib
Replace Part P5 Header 3 in C:\Users\thekenu\Documents\UBC(GitHub)\UBC Rocket\2017-Payload-Ozone-PCB\Altium\2017_Ozone.SchDoc with Header 3 from Miscellaneous Connectors.IntLib
Replace Part P6 Header 2 in C:\Users\thekenu\Documents\UBC(GitHub)\UBC Rocket\2017-Payload-Ozone-PCB\Altium\2017_Ozone.SchDoc with Header 2 from Miscellaneous Connectors.IntLib
Replace Part R1 1k Ohm in C:\Users\thekenu\Documents\UBC(GitHub)\UBC Rocket\2017-Payload-Ozone-PCB\Altium\2017_Ozone.SchDoc with 1k Ohm from 2017_Ozone.SchLib
Replace Part R2 1k Ohm in C:\Users\thekenu\Documents\UBC(GitHub)\UBC Rocket\2017-Payload-Ozone-PCB\Altium\2017_Ozone.SchDoc with 1k Ohm from 2017_Ozone.SchLib
Replace Part R3 Res1 in C:\Users\thekenu\Documents\UBC(GitHub)\UBC Rocket\2017-Payload-Ozone-PCB\Altium\2017_Ozone.SchDoc with Res1 from Miscellaneous Devices.IntLib
Replace Part R4 Res1 in C:\Users\thekenu\Documents\UBC(GitHub)\UBC Rocket\2017-Payload-Ozone-PCB\Altium\2017_Ozone.SchDoc with Res1 from Miscellaneous Devices.IntLib
Replace Part R5 Res1 in C:\Users\thekenu\Documents\UBC(GitHub)\UBC Rocket\2017-Payload-Ozone-PCB\Altium\2017_Ozone.SchDoc with Res1 from Miscellaneous Devices.IntLib
Replace Part R5 Res1 in C:\Users\thekenu\Documents\UBC(GitHub)\UBC Rocket\2017-Payload-Ozone-PCB\Altium\2017_Ozone.SchDoc with Res1 from Miscellaneous Devices.IntLib
Replace Part R6 Res1 in C:\Users\thekenu\Documents\UBC(GitHub)\UBC Rocket\2017-Payload-Ozone-PCB\Altium\2017_Ozone.SchDoc with Res1 from Miscellaneous Devices.IntLib
Replace Part R6 Res1 in C:\Users\thekenu\Documents\UBC(GitHub)\UBC Rocket\2017-Payload-Ozone-PCB\Altium\2017_Ozone.SchDoc with Res1 from Miscellaneous Devices.IntLib
Replace Part R7 Res1 in C:\Users\thekenu\Documents\UBC(GitHub)\UBC Rocket\2017-Payload-Ozone-PCB\Altium\2017_Ozone.SchDoc with Res1 from Miscellaneous Devices.IntLib
Replace Part R8 Res1 in C:\Users\thekenu\Documents\UBC(GitHub)\UBC Rocket\2017-Payload-Ozone-PCB\Altium\2017_Ozone.SchDoc with Res1 from Miscellaneous Devices.IntLib
Replace Part R9 Res1 in C:\Users\thekenu\Documents\UBC(GitHub)\UBC Rocket\2017-Payload-Ozone-PCB\Altium\2017_Ozone.SchDoc with Res1 from Miscellaneous Devices.IntLib
Replace Part R10 Res1 in C:\Users\thekenu\Documents\UBC(GitHub)\UBC Rocket\2017-Payload-Ozone-PCB\Altium\2017_Ozone.SchDoc with Res1 from Miscellaneous Devices.IntLib
Replace Part R11 Res1 in C:\Users\thekenu\Documents\UBC(GitHub)\UBC Rocket\2017-Payload-Ozone-PCB\Altium\2017_Ozone.SchDoc with Res1 from Miscellaneous Devices.IntLib
Replace Part R12 Res1 in C:\Users\thekenu\Documents\UBC(GitHub)\UBC Rocket\2017-Payload-Ozone-PCB\Altium\2017_Ozone.SchDoc with Res1 from Miscellaneous Devices.IntLib
Replace Part R13 Res1 in C:\Users\thekenu\Documents\UBC(GitHub)\UBC Rocket\2017-Payload-Ozone-PCB\Altium\2017_Ozone.SchDoc with Res1 from Miscellaneous Devices.IntLib
Replace Part R14 Res1 in C:\Users\thekenu\Documents\UBC(GitHub)\UBC Rocket\2017-Payload-Ozone-PCB\Altium\2017_Ozone.SchDoc with Res1 from Miscellaneous Devices.IntLib
Replace Part R15 Res1 in C:\Users\thekenu\Documents\UBC(GitHub)\UBC Rocket\2017-Payload-Ozone-PCB\Altium\2017_Ozone.SchDoc with Res1 from Miscellaneous Devices.IntLib
Replace Part R16 Res1 in C:\Users\thekenu\Documents\UBC(GitHub)\UBC Rocket\2017-Payload-Ozone-PCB\Altium\2017_Ozone.SchDoc with Res1 from Miscellaneous Devices.IntLib
Replace Part R17 Res1 in C:\Users\thekenu\Documents\UBC(GitHub)\UBC Rocket\2017-Payload-Ozone-PCB\Altium\2017_Ozone.SchDoc with Res1 from Miscellaneous Devices.IntLib
Replace Part R18 Res1 in C:\Users\thekenu\Documents\UBC(GitHub)\UBC Rocket\2017-Payload-Ozone-PCB\Altium\2017_Ozone.SchDoc with Res1 from Miscellaneous Devices.IntLib
Replace Part R? Res1 in C:\Users\thekenu\Documents\UBC(GitHub)\UBC Rocket\2017-Payload-Ozone-PCB\Altium\2017_Ozone.SchDoc with Res1 from Miscellaneous Devices.IntLib
Replace Part U1 TL082IDT in C:\Users\thekenu\Documents\UBC(GitHub)\UBC Rocket\2017-Payload-Ozone-PCB\Altium\2017_Ozone.SchDoc with TL082IDT from 2017_Ozone.SchLib
Replace Part U2 TL082IDT in C:\Users\thekenu\Documents\UBC(GitHub)\UBC Rocket\2017-Payload-Ozone-PCB\Altium\2017_Ozone.SchDoc with TL082IDT from 2017_Ozone.SchLib
Replace Part U3 TL082IDT in C:\Users\thekenu\Documents\UBC(GitHub)\UBC Rocket\2017-Payload-Ozone-PCB\Altium\2017_Ozone.SchDoc with TL082IDT from 2017_Ozone.SchLib
Replace Part U3 Op Amp in C:\Users\thekenu\Documents\UBC(GitHub)\UBC Rocket\2017-Payload-Ozone-PCB\Altium\2017_Ozone.SchDoc with Op Amp from Miscellaneous Devices.IntLib
Replace Part U4 Op Amp in C:\Users\thekenu\Documents\UBC(GitHub)\UBC Rocket\2017-Payload-Ozone-PCB\Altium\2017_Ozone.SchDoc with Op Amp from Miscellaneous Devices.IntLib
Replace Part U5 Op Amp in C:\Users\thekenu\Documents\UBC(GitHub)\UBC Rocket\2017-Payload-Ozone-PCB\Altium\2017_Ozone.SchDoc with Op Amp from Miscellaneous Devices.IntLib
Replace Part U6 Op Amp in C:\Users\thekenu\Documents\UBC(GitHub)\UBC Rocket\2017-Payload-Ozone-PCB\Altium\2017_Ozone.SchDoc with Op Amp from Miscellaneous Devices.IntLib
Replace Part U9 DRV592VFP in C:\Users\thekenu\Documents\UBC(GitHub)\UBC Rocket\2017-Payload-Ozone-PCB\Altium\2017_Ozone.SchDoc with DRV592VFP from TI Amplifiers and Linear Special Function Amplifier.IntLib
